[ Episode 1 / Step 0 ]
# # # # # # # # # # # # 
# T H                 # 
#   F                 # 
#                     # 
#                     # 
#                     # 
#                     # 
#                     # 
#                     # 
#                     # 
#                     # 
# # # # # # # # # # # # 
[ last/next direc: Direc.RIGHT/Direc.DOWN ]

[ Episode 1 / Step 1 ]
# # # # # # # # # # # # 
# T B                 # 
#   H                 # 
#                     # 
#                     # 
#                     # 
#                     # 
#                     # 
#                     # 
# F                   # 
#                     # 
# # # # # # # # # # # # 
[ last/next direc: Direc.DOWN/Direc.LEFT ]

[ Episode 1 / Step 2 ]
# # # # # # # # # # # # 
#   T                 # 
# H B                 # 
#                     # 
#                     # 
#                     # 
#                     # 
#                     # 
#                     # 
# F                   # 
#                     # 
# # # # # # # # # # # # 
[ last/next direc: Direc.LEFT/Direc.UP ]

[ Episode 1 / Step 3 ]
# # # # # # # # # # # # 
# H                   # 
# B T                 # 
#                     # 
#                     # 
#                     # 
#                     # 
#                     # 
#                     # 
# F                   # 
#                     # 
# # # # # # # # # # # # 
[ last/next direc: Direc.UP/Direc.RIGHT ]

[ Episode 1 / Step 4 ]
# # # # # # # # # # # # 
# B H                 # 
# T                   # 
#                     # 
#                     # 
#                     # 
#                     # 
#                     # 
#                     # 
# F                   # 
#                     # 
# # # # # # # # # # # # 
[ last/next direc: Direc.RIGHT/Direc.RIGHT ]

[ Episode 1 / Step 5 ]
# # # # # # # # # # # # 
# T B H               # 
#                     # 
#                     # 
#                     # 
#                     # 
#                     # 
#                     # 
#                     # 
# F                   # 
#                     # 
# # # # # # # # # # # # 
[ last/next direc: Direc.RIGHT/Direc.RIGHT ]

[ Episode 1 / Step 6 ]
# # # # # # # # # # # # 
#   T B H             # 
#                     # 
#                     # 
#                     # 
#                     # 
#                     # 
#                     # 
#                     # 
# F                   # 
#                     # 
# # # # # # # # # # # # 
[ last/next direc: Direc.RIGHT/Direc.RIGHT ]

[ Episode 1 / Step 7 ]
# # # # # # # # # # # # 
#     T B H           # 
#                     # 
#                     # 
#                     # 
#                     # 
#                     # 
#                     # 
#                     # 
# F                   # 
#                     # 
# # # # # # # # # # # # 
[ last/next direc: Direc.RIGHT/Direc.RIGHT ]

[ Episode 1 / Step 8 ]
# # # # # # # # # # # # 
#       T B H         # 
#                     # 
#                     # 
#                     # 
#                     # 
#                     # 
#                     # 
#                     # 
# F                   # 
#                     # 
# # # # # # # # # # # # 
[ last/next direc: Direc.RIGHT/Direc.RIGHT ]

[ Episode 1 / Step 9 ]
# # # # # # # # # # # # 
#         T B H       # 
#                     # 
#                     # 
#                     # 
#                     # 
#                     # 
#                     # 
#                     # 
# F                   # 
#                     # 
# # # # # # # # # # # # 
[ last/next direc: Direc.RIGHT/Direc.RIGHT ]

[ Episode 1 / Step 10 ]
# # # # # # # # # # # # 
#           T B H     # 
#                     # 
#                     # 
#                     # 
#                     # 
#                     # 
#                     # 
#                     # 
# F                   # 
#                     # 
# # # # # # # # # # # # 
[ last/next direc: Direc.RIGHT/Direc.RIGHT ]

[ Episode 1 / Step 11 ]
# # # # # # # # # # # # 
#             T B H   # 
#                     # 
#                     # 
#                     # 
#                     # 
#                     # 
#                     # 
#                     # 
# F                   # 
#                     # 
# # # # # # # # # # # # 
[ last/next direc: Direc.RIGHT/Direc.RIGHT ]

[ Episode 1 / Step 12 ]
# # # # # # # # # # # # 
#               T B H # 
#                     # 
#                     # 
#                     # 
#                     # 
#                     # 
#                     # 
#                     # 
# F                   # 
#                     # 
# # # # # # # # # # # # 
[ last/next direc: Direc.RIGHT/Direc.DOWN ]

[ Episode 1 / Step 13 ]
# # # # # # # # # # # # 
#                 T B # 
#                   H # 
#                     # 
#                     # 
#                     # 
#                     # 
#                     # 
#                     # 
# F                   # 
#                     # 
# # # # # # # # # # # # 
[ last/next direc: Direc.DOWN/Direc.DOWN ]

[ Episode 1 / Step 14 ]
# # # # # # # # # # # # 
#                   T # 
#                   B # 
#                   H # 
#                     # 
#                     # 
#                     # 
#                     # 
#                     # 
# F                   # 
#                     # 
# # # # # # # # # # # # 
[ last/next direc: Direc.DOWN/Direc.DOWN ]

[ Episode 1 / Step 15 ]
# # # # # # # # # # # # 
#                     # 
#                   T # 
#                   B # 
#                   H # 
#                     # 
#                     # 
#                     # 
#                     # 
# F                   # 
#                     # 
# # # # # # # # # # # # 
[ last/next direc: Direc.DOWN/Direc.DOWN ]

[ Episode 1 / Step 16 ]
# # # # # # # # # # # # 
#                     # 
#                     # 
#                   T # 
#                   B # 
#                   H # 
#                     # 
#                     # 
#                     # 
# F                   # 
#                     # 
# # # # # # # # # # # # 
[ last/next direc: Direc.DOWN/Direc.DOWN ]

[ Episode 1 / Step 17 ]
# # # # # # # # # # # # 
#                     # 
#                     # 
#                     # 
#                   T # 
#                   B # 
#                   H # 
#                     # 
#                     # 
# F                   # 
#                     # 
# # # # # # # # # # # # 
[ last/next direc: Direc.DOWN/Direc.DOWN ]

[ Episode 1 / Step 18 ]
# # # # # # # # # # # # 
#                     # 
#                     # 
#                     # 
#                     # 
#                   T # 
#                   B # 
#                   H # 
#                     # 
# F                   # 
#                     # 
# # # # # # # # # # # # 
[ last/next direc: Direc.DOWN/Direc.DOWN ]

[ Episode 1 / Step 19 ]
# # # # # # # # # # # # 
#                     # 
#                     # 
#                     # 
#                     # 
#                     # 
#                   T # 
#                   B # 
#                   H # 
# F                   # 
#                     # 
# # # # # # # # # # # # 
[ last/next direc: Direc.DOWN/Direc.DOWN ]

[ Episode 1 / Step 20 ]
# # # # # # # # # # # # 
#                     # 
#                     # 
#                     # 
#                     # 
#                     # 
#                     # 
#                   T # 
#                   B # 
# F                 H # 
#                     # 
# # # # # # # # # # # # 
[ last/next direc: Direc.DOWN/Direc.DOWN ]

[ Episode 1 / Step 21 ]
# # # # # # # # # # # # 
#                     # 
#                     # 
#                     # 
#                     # 
#                     # 
#                     # 
#                     # 
#                   T # 
# F                 B # 
#                   H # 
# # # # # # # # # # # # 
[ last/next direc: Direc.DOWN/Direc.LEFT ]

[ Episode 1 / Step 22 ]
# # # # # # # # # # # # 
#                     # 
#                     # 
#                     # 
#                     # 
#                     # 
#                     # 
#                     # 
#                     # 
# F                 T # 
#                 H B # 
# # # # # # # # # # # # 
[ last/next direc: Direc.LEFT/Direc.LEFT ]

[ Episode 1 / Step 23 ]
# # # # # # # # # # # # 
#                     # 
#                     # 
#                     # 
#                     # 
#                     # 
#                     # 
#                     # 
#                     # 
# F                   # 
#               H B T # 
# # # # # # # # # # # # 
[ last/next direc: Direc.LEFT/Direc.LEFT ]

[ Episode 1 / Step 24 ]
# # # # # # # # # # # # 
#                     # 
#                     # 
#                     # 
#                     # 
#                     # 
#                     # 
#                     # 
#                     # 
# F                   # 
#             H B T   # 
# # # # # # # # # # # # 
[ last/next direc: Direc.LEFT/Direc.LEFT ]

[ Episode 1 / Step 25 ]
# # # # # # # # # # # # 
#                     # 
#                     # 
#                     # 
#                     # 
#                     # 
#                     # 
#                     # 
#                     # 
# F                   # 
#           H B T     # 
# # # # # # # # # # # # 
[ last/next direc: Direc.LEFT/Direc.LEFT ]

[ Episode 1 / Step 26 ]
# # # # # # # # # # # # 
#                     # 
#                     # 
#                     # 
#                     # 
#                     # 
#                     # 
#                     # 
#                     # 
# F                   # 
#         H B T       # 
# # # # # # # # # # # # 
[ last/next direc: Direc.LEFT/Direc.LEFT ]

[ Episode 1 / Step 27 ]
# # # # # # # # # # # # 
#                     # 
#                     # 
#                     # 
#                     # 
#                     # 
#                     # 
#                     # 
#                     # 
# F                   # 
#       H B T         # 
# # # # # # # # # # # # 
[ last/next direc: Direc.LEFT/Direc.LEFT ]

[ Episode 1 / Step 28 ]
# # # # # # # # # # # # 
#                     # 
#                     # 
#                     # 
#                     # 
#                     # 
#                     # 
#                     # 
#                     # 
# F                   # 
#     H B T           # 
# # # # # # # # # # # # 
[ last/next direc: Direc.LEFT/Direc.LEFT ]

[ Episode 1 / Step 29 ]
# # # # # # # # # # # # 
#                     # 
#                     # 
#                     # 
#                     # 
#                     # 
#                     # 
#                     # 
#                     # 
# F                   # 
#   H B T             # 
# # # # # # # # # # # # 
[ last/next direc: Direc.LEFT/Direc.LEFT ]

[ Episode 1 / Step 30 ]
# # # # # # # # # # # # 
#                     # 
#                     # 
#                     # 
#                     # 
#                     # 
#                     # 
#                     # 
#                     # 
# F                   # 
# H B T               # 
# # # # # # # # # # # # 
[ last/next direc: Direc.LEFT/Direc.UP ]

[ Episode 1 / Step 31 ]
# # # # # # # # # # # # 
#                     # 
#                     # 
#                     # 
#                     # 
#                     # 
#                     # 
#                     # 
#                     # 
# H                   # 
# B B T   F           # 
# # # # # # # # # # # # 
[ last/next direc: Direc.UP/Direc.RIGHT ]

[ Episode 1 / Step 32 ]
# # # # # # # # # # # # 
#                     # 
#                     # 
#                     # 
#                     # 
#                     # 
#                     # 
#                     # 
#                     # 
# B H                 # 
# B T     F           # 
# # # # # # # # # # # # 
[ last/next direc: Direc.RIGHT/Direc.RIGHT ]

[ Episode 1 / Step 33 ]
# # # # # # # # # # # # 
#                     # 
#                     # 
#                     # 
#                     # 
#                     # 
#                     # 
#                     # 
#                     # 
# B B H               # 
# T       F           # 
# # # # # # # # # # # # 
[ last/next direc: Direc.RIGHT/Direc.RIGHT ]

[ Episode 1 / Step 34 ]
# # # # # # # # # # # # 
#                     # 
#                     # 
#                     # 
#                     # 
#                     # 
#                     # 
#                     # 
#                     # 
# T B B H             # 
#         F           # 
# # # # # # # # # # # # 
[ last/next direc: Direc.RIGHT/Direc.RIGHT ]

[ Episode 1 / Step 35 ]
# # # # # # # # # # # # 
#                     # 
#                     # 
#                     # 
#                     # 
#                     # 
#                     # 
#                     # 
#                     # 
#   T B B H           # 
#         F           # 
# # # # # # # # # # # # 
[ last/next direc: Direc.RIGHT/Direc.DOWN ]

[ Episode 1 / Step 36 ]
# # # # # # # # # # # # 
#                     # 
#                     # 
#                     # 
#                     # 
#                     # 
#                     # 
#                     # 
# F                   # 
#   T B B B           # 
#         H           # 
# # # # # # # # # # # # 
[ last/next direc: Direc.DOWN/Direc.LEFT ]

[ Episode 1 / Step 37 ]
# # # # # # # # # # # # 
#                     # 
#                     # 
#                     # 
#                     # 
#                     # 
#                     # 
#                     # 
# F                   # 
#     T B B           # 
#       H B           # 
# # # # # # # # # # # # 
[ last/next direc: Direc.LEFT/Direc.LEFT ]

[ Episode 1 / Step 38 ]
# # # # # # # # # # # # 
#                     # 
#                     # 
#                     # 
#                     # 
#                     # 
#                     # 
#                     # 
# F                   # 
#       T B           # 
#     H B B           # 
# # # # # # # # # # # # 
[ last/next direc: Direc.LEFT/Direc.LEFT ]

[ Episode 1 / Step 39 ]
# # # # # # # # # # # # 
#                     # 
#                     # 
#                     # 
#                     # 
#                     # 
#                     # 
#                     # 
# F                   # 
#         T           # 
#   H B B B           # 
# # # # # # # # # # # # 
[ last/next direc: Direc.LEFT/Direc.LEFT ]

[ Episode 1 / Step 40 ]
# # # # # # # # # # # # 
#                     # 
#                     # 
#                     # 
#                     # 
#                     # 
#                     # 
#                     # 
# F                   # 
#                     # 
# H B B B T           # 
# # # # # # # # # # # # 
[ last/next direc: Direc.LEFT/Direc.UP ]

[ Episode 1 / Step 41 ]
# # # # # # # # # # # # 
#                     # 
#                     # 
#                     # 
#                     # 
#                     # 
#                     # 
#                     # 
# F                   # 
# H                   # 
# B B B T             # 
# # # # # # # # # # # # 
[ last/next direc: Direc.UP/Direc.UP ]

[ Episode 1 / Step 42 ]
# # # # # # # # # # # # 
#                     # 
#                     # 
#                     # 
#                     # 
#                     # 
#                     # 
#           F         # 
# H                   # 
# B                   # 
# B B B T             # 
# # # # # # # # # # # # 
[ last/next direc: Direc.UP/Direc.UP ]

[ Episode 1 / Step 43 ]
# # # # # # # # # # # # 
#                     # 
#                     # 
#                     # 
#                     # 
#                     # 
#                     # 
# H         F         # 
# B                   # 
# B                   # 
# B B T               # 
# # # # # # # # # # # # 
[ last/next direc: Direc.UP/Direc.UP ]

[ Episode 1 / Step 44 ]
# # # # # # # # # # # # 
#                     # 
#                     # 
#                     # 
#                     # 
#                     # 
# H                   # 
# B         F         # 
# B                   # 
# B                   # 
# B T                 # 
# # # # # # # # # # # # 
[ last/next direc: Direc.UP/Direc.UP ]

[ Episode 1 / Step 45 ]
# # # # # # # # # # # # 
#                     # 
#                     # 
#                     # 
#                     # 
# H                   # 
# B                   # 
# B         F         # 
# B                   # 
# B                   # 
# T                   # 
# # # # # # # # # # # # 
[ last/next direc: Direc.UP/Direc.UP ]

[ Episode 1 / Step 46 ]
# # # # # # # # # # # # 
#                     # 
#                     # 
#                     # 
# H                   # 
# B                   # 
# B                   # 
# B         F         # 
# B                   # 
# T                   # 
#                     # 
# # # # # # # # # # # # 
[ last/next direc: Direc.UP/Direc.UP ]

[ Episode 1 / Step 47 ]
# # # # # # # # # # # # 
#                     # 
#                     # 
# H                   # 
# B                   # 
# B                   # 
# B                   # 
# B         F         # 
# T                   # 
#                     # 
#                     # 
# # # # # # # # # # # # 
[ last/next direc: Direc.UP/Direc.RIGHT ]

[ Episode 1 / Step 48 ]
# # # # # # # # # # # # 
#                     # 
#                     # 
# B H                 # 
# B                   # 
# B                   # 
# B                   # 
# T         F         # 
#                     # 
#                     # 
#                     # 
# # # # # # # # # # # # 
[ last/next direc: Direc.RIGHT/Direc.RIGHT ]

[ Episode 1 / Step 49 ]
# # # # # # # # # # # # 
#                     # 
#                     # 
# B B H               # 
# B                   # 
# B                   # 
# T                   # 
#           F         # 
#                     # 
#                     # 
#                     # 
# # # # # # # # # # # # 
[ last/next direc: Direc.RIGHT/Direc.RIGHT ]

[ Episode 1 / Step 50 ]
# # # # # # # # # # # # 
#                     # 
#                     # 
# B B B H             # 
# B                   # 
# T                   # 
#                     # 
#           F         # 
#                     # 
#                     # 
#                     # 
# # # # # # # # # # # # 
[ last/next direc: Direc.RIGHT/Direc.RIGHT ]

[ Episode 1 / Step 51 ]
# # # # # # # # # # # # 
#                     # 
#                     # 
# B B B B H           # 
# T                   # 
#                     # 
#                     # 
#           F         # 
#                     # 
#                     # 
#                     # 
# # # # # # # # # # # # 
[ last/next direc: Direc.RIGHT/Direc.RIGHT ]

[ Episode 1 / Step 52 ]
# # # # # # # # # # # # 
#                     # 
#                     # 
# T B B B B H         # 
#                     # 
#                     # 
#                     # 
#           F         # 
#                     # 
#                     # 
#                     # 
# # # # # # # # # # # # 
[ last/next direc: Direc.RIGHT/Direc.RIGHT ]

[ Episode 1 / Step 53 ]
# # # # # # # # # # # # 
#                     # 
#                     # 
#   T B B B B H       # 
#                     # 
#                     # 
#                     # 
#           F         # 
#                     # 
#                     # 
#                     # 
# # # # # # # # # # # # 
[ last/next direc: Direc.RIGHT/Direc.RIGHT ]

[ Episode 1 / Step 54 ]
# # # # # # # # # # # # 
#                     # 
#                     # 
#     T B B B B H     # 
#                     # 
#                     # 
#                     # 
#           F         # 
#                     # 
#                     # 
#                     # 
# # # # # # # # # # # # 
[ last/next direc: Direc.RIGHT/Direc.DOWN ]

[ Episode 1 / Step 55 ]
# # # # # # # # # # # # 
#                     # 
#                     # 
#       T B B B B     # 
#               H     # 
#                     # 
#                     # 
#           F         # 
#                     # 
#                     # 
#                     # 
# # # # # # # # # # # # 
[ last/next direc: Direc.DOWN/Direc.DOWN ]

[ Episode 1 / Step 56 ]
# # # # # # # # # # # # 
#                     # 
#                     # 
#         T B B B     # 
#               B     # 
#               H     # 
#                     # 
#           F         # 
#                     # 
#                     # 
#                     # 
# # # # # # # # # # # # 
[ last/next direc: Direc.DOWN/Direc.DOWN ]

[ Episode 1 / Step 57 ]
# # # # # # # # # # # # 
#                     # 
#                     # 
#           T B B     # 
#               B     # 
#               B     # 
#               H     # 
#           F         # 
#                     # 
#                     # 
#                     # 
# # # # # # # # # # # # 
[ last/next direc: Direc.DOWN/Direc.DOWN ]

[ Episode 1 / Step 58 ]
# # # # # # # # # # # # 
#                     # 
#                     # 
#             T B     # 
#               B     # 
#               B     # 
#               B     # 
#           F   H     # 
#                     # 
#                     # 
#                     # 
# # # # # # # # # # # # 
[ last/next direc: Direc.DOWN/Direc.DOWN ]

[ Episode 1 / Step 59 ]
# # # # # # # # # # # # 
#                     # 
#                     # 
#               T     # 
#               B     # 
#               B     # 
#               B     # 
#           F   B     # 
#               H     # 
#                     # 
#                     # 
# # # # # # # # # # # # 
[ last/next direc: Direc.DOWN/Direc.LEFT ]

[ Episode 1 / Step 60 ]
# # # # # # # # # # # # 
#                     # 
#                     # 
#                     # 
#               T     # 
#               B     # 
#               B     # 
#           F   B     # 
#             H B     # 
#                     # 
#                     # 
# # # # # # # # # # # # 
[ last/next direc: Direc.LEFT/Direc.LEFT ]

[ Episode 1 / Step 61 ]
# # # # # # # # # # # # 
#                     # 
#                     # 
#                     # 
#                     # 
#               T     # 
#               B     # 
#           F   B     # 
#           H B B     # 
#                     # 
#                     # 
# # # # # # # # # # # # 
[ last/next direc: Direc.LEFT/Direc.UP ]

[ Episode 1 / Step 62 ]
# # # # # # # # # # # # 
#                     # 
#                     # 
#         F           # 
#                     # 
#               T     # 
#               B     # 
#           H   B     # 
#           B B B     # 
#                     # 
#                     # 
# # # # # # # # # # # # 
[ last/next direc: Direc.UP/Direc.RIGHT ]

[ Episode 1 / Step 63 ]
# # # # # # # # # # # # 
#                     # 
#                     # 
#         F           # 
#                     # 
#                     # 
#               T     # 
#           B H B     # 
#           B B B     # 
#                     # 
#                     # 
# # # # # # # # # # # # 
[ last/next direc: Direc.RIGHT/Direc.UP ]

[ Episode 1 / Step 64 ]
# # # # # # # # # # # # 
#                     # 
#                     # 
#         F           # 
#                     # 
#                     # 
#             H       # 
#           B B T     # 
#           B B B     # 
#                     # 
#                     # 
# # # # # # # # # # # # 
[ last/next direc: Direc.UP/Direc.UP ]

[ Episode 1 / Step 65 ]
# # # # # # # # # # # # 
#                     # 
#                     # 
#         F           # 
#                     # 
#             H       # 
#             B       # 
#           B B       # 
#           B B T     # 
#                     # 
#                     # 
# # # # # # # # # # # # 
[ last/next direc: Direc.UP/Direc.UP ]

[ Episode 1 / Step 66 ]
# # # # # # # # # # # # 
#                     # 
#                     # 
#         F           # 
#             H       # 
#             B       # 
#             B       # 
#           B B       # 
#           B T       # 
#                     # 
#                     # 
# # # # # # # # # # # # 
[ last/next direc: Direc.UP/Direc.LEFT ]

[ Episode 1 / Step 67 ]
# # # # # # # # # # # # 
#                     # 
#                     # 
#         F           # 
#           H B       # 
#             B       # 
#             B       # 
#           B B       # 
#           T         # 
#                     # 
#                     # 
# # # # # # # # # # # # 
[ last/next direc: Direc.LEFT/Direc.LEFT ]

[ Episode 1 / Step 68 ]
# # # # # # # # # # # # 
#                     # 
#                     # 
#         F           # 
#         H B B       # 
#             B       # 
#             B       # 
#           T B       # 
#                     # 
#                     # 
#                     # 
# # # # # # # # # # # # 
[ last/next direc: Direc.LEFT/Direc.UP ]

[ Episode 1 / Step 69 ]
# # # # # # # # # # # # 
#                     # 
#                     # 
#   F     H           # 
#         B B B       # 
#             B       # 
#             B       # 
#           T B       # 
#                     # 
#                     # 
#                     # 
# # # # # # # # # # # # 
[ last/next direc: Direc.UP/Direc.RIGHT ]

[ Episode 1 / Step 70 ]
# # # # # # # # # # # # 
#                     # 
#                     # 
#   F     B H         # 
#         B B B       # 
#             B       # 
#             B       # 
#             T       # 
#                     # 
#                     # 
#                     # 
# # # # # # # # # # # # 
[ last/next direc: Direc.RIGHT/Direc.RIGHT ]

[ Episode 1 / Step 71 ]
# # # # # # # # # # # # 
#                     # 
#                     # 
#   F     B B H       # 
#         B B B       # 
#             B       # 
#             T       # 
#                     # 
#                     # 
#                     # 
#                     # 
# # # # # # # # # # # # 
[ last/next direc: Direc.RIGHT/Direc.RIGHT ]

[ Episode 1 / Step 72 ]
# # # # # # # # # # # # 
#                     # 
#                     # 
#   F     B B B H     # 
#         B B B       # 
#             T       # 
#                     # 
#                     # 
#                     # 
#                     # 
#                     # 
# # # # # # # # # # # # 
[ last/next direc: Direc.RIGHT/Direc.DOWN ]

[ Episode 1 / Step 73 ]
# # # # # # # # # # # # 
#                     # 
#                     # 
#   F     B B B B     # 
#         B B T H     # 
#                     # 
#                     # 
#                     # 
#                     # 
#                     # 
#                     # 
# # # # # # # # # # # # 
[ last/next direc: Direc.DOWN/Direc.DOWN ]

[ Episode 1 / Step 74 ]
# # # # # # # # # # # # 
#                     # 
#                     # 
#   F     B B B B     # 
#         B T   B     # 
#               H     # 
#                     # 
#                     # 
#                     # 
#                     # 
#                     # 
# # # # # # # # # # # # 
[ last/next direc: Direc.DOWN/Direc.DOWN ]

[ Episode 1 / Step 75 ]
# # # # # # # # # # # # 
#                     # 
#                     # 
#   F     B B B B     # 
#         T     B     # 
#               B     # 
#               H     # 
#                     # 
#                     # 
#                     # 
#                     # 
# # # # # # # # # # # # 
[ last/next direc: Direc.DOWN/Direc.DOWN ]

[ Episode 1 / Step 76 ]
# # # # # # # # # # # # 
#                     # 
#                     # 
#   F     T B B B     # 
#               B     # 
#               B     # 
#               B     # 
#               H     # 
#                     # 
#                     # 
#                     # 
# # # # # # # # # # # # 
[ last/next direc: Direc.DOWN/Direc.LEFT ]

[ Episode 1 / Step 77 ]
# # # # # # # # # # # # 
#                     # 
#                     # 
#   F       T B B     # 
#               B     # 
#               B     # 
#               B     # 
#             H B     # 
#                     # 
#                     # 
#                     # 
# # # # # # # # # # # # 
[ last/next direc: Direc.LEFT/Direc.UP ]

[ Episode 1 / Step 78 ]
# # # # # # # # # # # # 
#                     # 
#                     # 
#   F         T B     # 
#               B     # 
#               B     # 
#             H B     # 
#             B B     # 
#                     # 
#                     # 
#                     # 
# # # # # # # # # # # # 
[ last/next direc: Direc.UP/Direc.UP ]

[ Episode 1 / Step 79 ]
# # # # # # # # # # # # 
#                     # 
#                     # 
#   F           T     # 
#               B     # 
#             H B     # 
#             B B     # 
#             B B     # 
#                     # 
#                     # 
#                     # 
# # # # # # # # # # # # 
[ last/next direc: Direc.UP/Direc.UP ]

[ Episode 1 / Step 80 ]
# # # # # # # # # # # # 
#                     # 
#                     # 
#   F                 # 
#             H T     # 
#             B B     # 
#             B B     # 
#             B B     # 
#                     # 
#                     # 
#                     # 
# # # # # # # # # # # # 
[ last/next direc: Direc.UP/Direc.LEFT ]

[ Episode 1 / Step 81 ]
# # # # # # # # # # # # 
#                     # 
#                     # 
#   F                 # 
#           H B       # 
#             B T     # 
#             B B     # 
#             B B     # 
#                     # 
#                     # 
#                     # 
# # # # # # # # # # # # 
[ last/next direc: Direc.LEFT/Direc.LEFT ]

[ Episode 1 / Step 82 ]
# # # # # # # # # # # # 
#                     # 
#                     # 
#   F                 # 
#         H B B       # 
#             B       # 
#             B T     # 
#             B B     # 
#                     # 
#                     # 
#                     # 
# # # # # # # # # # # # 
[ last/next direc: Direc.LEFT/Direc.LEFT ]

[ Episode 1 / Step 83 ]
# # # # # # # # # # # # 
#                     # 
#                     # 
#   F                 # 
#       H B B B       # 
#             B       # 
#             B       # 
#             B T     # 
#                     # 
#                     # 
#                     # 
# # # # # # # # # # # # 
[ last/next direc: Direc.LEFT/Direc.LEFT ]

[ Episode 1 / Step 84 ]
# # # # # # # # # # # # 
#                     # 
#                     # 
#   F                 # 
#     H B B B B       # 
#             B       # 
#             B       # 
#             T       # 
#                     # 
#                     # 
#                     # 
# # # # # # # # # # # # 
[ last/next direc: Direc.LEFT/Direc.LEFT ]

[ Episode 1 / Step 85 ]
# # # # # # # # # # # # 
#                     # 
#                     # 
#   F                 # 
#   H B B B B B       # 
#             B       # 
#             T       # 
#                     # 
#                     # 
#                     # 
#                     # 
# # # # # # # # # # # # 
[ last/next direc: Direc.LEFT/Direc.UP ]

[ Episode 1 / Step 86 ]
# # # # # # # # # # # # 
#                     # 
#                     # 
#   H                 # 
#   B B B B B B       # 
#             B F     # 
#             T       # 
#                     # 
#                     # 
#                     # 
#                     # 
# # # # # # # # # # # # 
[ last/next direc: Direc.UP/Direc.RIGHT ]

[ Episode 1 / Step 87 ]
# # # # # # # # # # # # 
#                     # 
#                     # 
#   B H               # 
#   B B B B B B       # 
#             T F     # 
#                     # 
#                     # 
#                     # 
#                     # 
#                     # 
# # # # # # # # # # # # 
[ last/next direc: Direc.RIGHT/Direc.RIGHT ]

[ Episode 1 / Step 88 ]
# # # # # # # # # # # # 
#                     # 
#                     # 
#   B B H             # 
#   B B B B B T       # 
#               F     # 
#                     # 
#                     # 
#                     # 
#                     # 
#                     # 
# # # # # # # # # # # # 
[ last/next direc: Direc.RIGHT/Direc.RIGHT ]

[ Episode 1 / Step 89 ]
# # # # # # # # # # # # 
#                     # 
#                     # 
#   B B B H           # 
#   B B B B T         # 
#               F     # 
#                     # 
#                     # 
#                     # 
#                     # 
#                     # 
# # # # # # # # # # # # 
[ last/next direc: Direc.RIGHT/Direc.RIGHT ]

[ Episode 1 / Step 90 ]
# # # # # # # # # # # # 
#                     # 
#                     # 
#   B B B B H         # 
#   B B B T           # 
#               F     # 
#                     # 
#                     # 
#                     # 
#                     # 
#                     # 
# # # # # # # # # # # # 
[ last/next direc: Direc.RIGHT/Direc.RIGHT ]

[ Episode 1 / Step 91 ]
# # # # # # # # # # # # 
#                     # 
#                     # 
#   B B B B B H       # 
#   B B T             # 
#               F     # 
#                     # 
#                     # 
#                     # 
#                     # 
#                     # 
# # # # # # # # # # # # 
[ last/next direc: Direc.RIGHT/Direc.RIGHT ]

[ Episode 1 / Step 92 ]
# # # # # # # # # # # # 
#                     # 
#                     # 
#   B B B B B B H     # 
#   B T               # 
#               F     # 
#                     # 
#                     # 
#                     # 
#                     # 
#                     # 
# # # # # # # # # # # # 
[ last/next direc: Direc.RIGHT/Direc.DOWN ]

[ Episode 1 / Step 93 ]
# # # # # # # # # # # # 
#                     # 
#                     # 
#   B B B B B B B     # 
#   T           H     # 
#               F     # 
#                     # 
#                     # 
#                     # 
#                     # 
#                     # 
# # # # # # # # # # # # 
[ last/next direc: Direc.DOWN/Direc.DOWN ]

[ Episode 1 / Step 94 ]
# # # # # # # # # # # # 
#                     # 
#                     # 
#   B B B B B B B     # 
#   T           B     # 
#               H     # 
#                     # 
#                 F   # 
#                     # 
#                     # 
#                     # 
# # # # # # # # # # # # 
[ last/next direc: Direc.DOWN/Direc.DOWN ]

[ Episode 1 / Step 95 ]
# # # # # # # # # # # # 
#                     # 
#                     # 
#   T B B B B B B     # 
#               B     # 
#               B     # 
#               H     # 
#                 F   # 
#                     # 
#                     # 
#                     # 
# # # # # # # # # # # # 
[ last/next direc: Direc.DOWN/Direc.DOWN ]

[ Episode 1 / Step 96 ]
# # # # # # # # # # # # 
#                     # 
#                     # 
#     T B B B B B     # 
#               B     # 
#               B     # 
#               B     # 
#               H F   # 
#                     # 
#                     # 
#                     # 
# # # # # # # # # # # # 
[ last/next direc: Direc.DOWN/Direc.RIGHT ]

[ Episode 1 / Step 97 ]
# # # # # # # # # # # # 
#                     # 
#                     # 
#     T B B B B B     # 
#               B     # 
#               B     # 
# F             B     # 
#               B H   # 
#                     # 
#                     # 
#                     # 
# # # # # # # # # # # # 
[ last/next direc: Direc.RIGHT/Direc.UP ]

[ Episode 1 / Step 98 ]
# # # # # # # # # # # # 
#                     # 
#                     # 
#       T B B B B     # 
#               B     # 
#               B     # 
# F             B H   # 
#               B B   # 
#                     # 
#                     # 
#                     # 
# # # # # # # # # # # # 
[ last/next direc: Direc.UP/Direc.RIGHT ]

[ Episode 1 / Step 99 ]
# # # # # # # # # # # # 
#                     # 
#                     # 
#         T B B B     # 
#               B     # 
#               B     # 
# F             B B H # 
#               B B   # 
#                     # 
#                     # 
#                     # 
# # # # # # # # # # # # 
[ last/next direc: Direc.RIGHT/Direc.DOWN ]

[ Episode 1 / Step 100 ]
# # # # # # # # # # # # 
#                     # 
#                     # 
#           T B B     # 
#               B     # 
#               B     # 
# F             B B B # 
#               B B H # 
#                     # 
#                     # 
#                     # 
# # # # # # # # # # # # 
[ last/next direc: Direc.DOWN/Direc.DOWN ]

[ Episode 1 / Step 101 ]
# # # # # # # # # # # # 
#                     # 
#                     # 
#             T B     # 
#               B     # 
#               B     # 
# F             B B B # 
#               B B B # 
#                   H # 
#                     # 
#                     # 
# # # # # # # # # # # # 
[ last/next direc: Direc.DOWN/Direc.DOWN ]

[ Episode 1 / Step 102 ]
# # # # # # # # # # # # 
#                     # 
#                     # 
#               T     # 
#               B     # 
#               B     # 
# F             B B B # 
#               B B B # 
#                   B # 
#                   H # 
#                     # 
# # # # # # # # # # # # 
[ last/next direc: Direc.DOWN/Direc.DOWN ]

[ Episode 1 / Step 103 ]
# # # # # # # # # # # # 
#                     # 
#                     # 
#                     # 
#               T     # 
#               B     # 
# F             B B B # 
#               B B B # 
#                   B # 
#                   B # 
#                   H # 
# # # # # # # # # # # # 
[ last/next direc: Direc.DOWN/Direc.LEFT ]

[ Episode 1 / Step 104 ]
# # # # # # # # # # # # 
#                     # 
#                     # 
#                     # 
#                     # 
#               T     # 
# F             B B B # 
#               B B B # 
#                   B # 
#                   B # 
#                 H B # 
# # # # # # # # # # # # 
[ last/next direc: Direc.LEFT/Direc.LEFT ]

[ Episode 1 / Step 105 ]
# # # # # # # # # # # # 
#                     # 
#                     # 
#                     # 
#                     # 
#                     # 
# F             T B B # 
#               B B B # 
#                   B # 
#                   B # 
#               H B B # 
# # # # # # # # # # # # 
[ last/next direc: Direc.LEFT/Direc.LEFT ]

[ Episode 1 / Step 106 ]
# # # # # # # # # # # # 
#                     # 
#                     # 
#                     # 
#                     # 
#                     # 
# F               B B # 
#               T B B # 
#                   B # 
#                   B # 
#             H B B B # 
# # # # # # # # # # # # 
[ last/next direc: Direc.LEFT/Direc.LEFT ]

[ Episode 1 / Step 107 ]
# # # # # # # # # # # # 
#                     # 
#                     # 
#                     # 
#                     # 
#                     # 
# F               B B # 
#                 T B # 
#                   B # 
#                   B # 
#           H B B B B # 
# # # # # # # # # # # # 
[ last/next direc: Direc.LEFT/Direc.LEFT ]

[ Episode 1 / Step 108 ]
# # # # # # # # # # # # 
#                     # 
#                     # 
#                     # 
#                     # 
#                     # 
# F               T B # 
#                   B # 
#                   B # 
#                   B # 
#         H B B B B B # 
# # # # # # # # # # # # 
[ last/next direc: Direc.LEFT/Direc.LEFT ]

[ Episode 1 / Step 109 ]
# # # # # # # # # # # # 
#                     # 
#                     # 
#                     # 
#                     # 
#                     # 
# F                 T # 
#                   B # 
#                   B # 
#                   B # 
#       H B B B B B B # 
# # # # # # # # # # # # 
[ last/next direc: Direc.LEFT/Direc.LEFT ]

[ Episode 1 / Step 110 ]
# # # # # # # # # # # # 
#                     # 
#                     # 
#                     # 
#                     # 
#                     # 
# F                   # 
#                   T # 
#                   B # 
#                   B # 
#     H B B B B B B B # 
# # # # # # # # # # # # 
[ last/next direc: Direc.LEFT/Direc.LEFT ]

[ Episode 1 / Step 111 ]
# # # # # # # # # # # # 
#                     # 
#                     # 
#                     # 
#                     # 
#                     # 
# F                   # 
#                     # 
#                   T # 
#                   B # 
#   H B B B B B B B B # 
# # # # # # # # # # # # 
[ last/next direc: Direc.LEFT/Direc.LEFT ]

[ Episode 1 / Step 112 ]
# # # # # # # # # # # # 
#                     # 
#                     # 
#                     # 
#                     # 
#                     # 
# F                   # 
#                     # 
#                     # 
#                   T # 
# H B B B B B B B B B # 
# # # # # # # # # # # # 
[ last/next direc: Direc.LEFT/Direc.UP ]

[ Episode 1 / Step 113 ]
# # # # # # # # # # # # 
#                     # 
#                     # 
#                     # 
#                     # 
#                     # 
# F                   # 
#                     # 
#                     # 
# H                   # 
# B B B B B B B B B T # 
# # # # # # # # # # # # 
[ last/next direc: Direc.UP/Direc.UP ]

[ Episode 1 / Step 114 ]
# # # # # # # # # # # # 
#                     # 
#                     # 
#                     # 
#                     # 
#                     # 
# F                   # 
#                     # 
# H                   # 
# B                   # 
# B B B B B B B B T   # 
# # # # # # # # # # # # 
[ last/next direc: Direc.UP/Direc.UP ]

[ Episode 1 / Step 115 ]
# # # # # # # # # # # # 
#                     # 
#                     # 
#                     # 
#                     # 
#                     # 
# F                   # 
# H                   # 
# B                   # 
# B                   # 
# B B B B B B B T     # 
# # # # # # # # # # # # 
[ last/next direc: Direc.UP/Direc.UP ]

[ Episode 1 / Step 116 ]
# # # # # # # # # # # # 
#                     # 
#                   F # 
#                     # 
#                     # 
#                     # 
# H                   # 
# B                   # 
# B                   # 
# B                   # 
# B B B B B B B T     # 
# # # # # # # # # # # # 
[ last/next direc: Direc.UP/Direc.UP ]

[ Episode 1 / Step 117 ]
# # # # # # # # # # # # 
#                     # 
#                   F # 
#                     # 
#                     # 
# H                   # 
# B                   # 
# B                   # 
# B                   # 
# B                   # 
# B B B B B B T       # 
# # # # # # # # # # # # 
[ last/next direc: Direc.UP/Direc.UP ]

[ Episode 1 / Step 118 ]
# # # # # # # # # # # # 
#                     # 
#                   F # 
#                     # 
# H                   # 
# B                   # 
# B                   # 
# B                   # 
# B                   # 
# B                   # 
# B B B B B T         # 
# # # # # # # # # # # # 
[ last/next direc: Direc.UP/Direc.UP ]

[ Episode 1 / Step 119 ]
# # # # # # # # # # # # 
#                     # 
#                   F # 
# H                   # 
# B                   # 
# B                   # 
# B                   # 
# B                   # 
# B                   # 
# B                   # 
# B B B B T           # 
# # # # # # # # # # # # 
[ last/next direc: Direc.UP/Direc.UP ]

[ Episode 1 / Step 120 ]
# # # # # # # # # # # # 
#                     # 
# H                 F # 
# B                   # 
# B                   # 
# B                   # 
# B                   # 
# B                   # 
# B                   # 
# B                   # 
# B B B T             # 
# # # # # # # # # # # # 
[ last/next direc: Direc.UP/Direc.UP ]

[ Episode 1 / Step 121 ]
# # # # # # # # # # # # 
# H                   # 
# B                 F # 
# B                   # 
# B                   # 
# B                   # 
# B                   # 
# B                   # 
# B                   # 
# B                   # 
# B B T               # 
# # # # # # # # # # # # 
[ last/next direc: Direc.UP/Direc.RIGHT ]

[ Episode 1 / Step 122 ]
# # # # # # # # # # # # 
# B H                 # 
# B                 F # 
# B                   # 
# B                   # 
# B                   # 
# B                   # 
# B                   # 
# B                   # 
# B                   # 
# B T                 # 
# # # # # # # # # # # # 
[ last/next direc: Direc.RIGHT/Direc.RIGHT ]

[ Episode 1 / Step 123 ]
# # # # # # # # # # # # 
# B B H               # 
# B                 F # 
# B                   # 
# B                   # 
# B                   # 
# B                   # 
# B                   # 
# B                   # 
# B                   # 
# T                   # 
# # # # # # # # # # # # 
[ last/next direc: Direc.RIGHT/Direc.RIGHT ]

[ Episode 1 / Step 124 ]
# # # # # # # # # # # # 
# B B B H             # 
# B                 F # 
# B                   # 
# B                   # 
# B                   # 
# B                   # 
# B                   # 
# B                   # 
# T                   # 
#                     # 
# # # # # # # # # # # # 
[ last/next direc: Direc.RIGHT/Direc.RIGHT ]

[ Episode 1 / Step 125 ]
# # # # # # # # # # # # 
# B B B B H           # 
# B                 F # 
# B                   # 
# B                   # 
# B                   # 
# B                   # 
# B                   # 
# T                   # 
#                     # 
#                     # 
# # # # # # # # # # # # 
[ last/next direc: Direc.RIGHT/Direc.RIGHT ]

[ Episode 1 / Step 126 ]
# # # # # # # # # # # # 
# B B B B B H         # 
# B                 F # 
# B                   # 
# B                   # 
# B                   # 
# B                   # 
# T                   # 
#                     # 
#                     # 
#                     # 
# # # # # # # # # # # # 
[ last/next direc: Direc.RIGHT/Direc.RIGHT ]

[ Episode 1 / Step 127 ]
# # # # # # # # # # # # 
# B B B B B B H       # 
# B                 F # 
# B                   # 
# B                   # 
# B                   # 
# T                   # 
#                     # 
#                     # 
#                     # 
#                     # 
# # # # # # # # # # # # 
[ last/next direc: Direc.RIGHT/Direc.RIGHT ]

[ Episode 1 / Step 128 ]
# # # # # # # # # # # # 
# B B B B B B B H     # 
# B                 F # 
# B                   # 
# B                   # 
# T                   # 
#                     # 
#                     # 
#                     # 
#                     # 
#                     # 
# # # # # # # # # # # # 
[ last/next direc: Direc.RIGHT/Direc.RIGHT ]

[ Episode 1 / Step 129 ]
# # # # # # # # # # # # 
# B B B B B B B B H   # 
# B                 F # 
# B                   # 
# T                   # 
#                     # 
#                     # 
#                     # 
#                     # 
#                     # 
#                     # 
# # # # # # # # # # # # 
[ last/next direc: Direc.RIGHT/Direc.RIGHT ]

[ Episode 1 / Step 130 ]
# # # # # # # # # # # # 
# B B B B B B B B B H # 
# B                 F # 
# T                   # 
#                     # 
#                     # 
#                     # 
#                     # 
#                     # 
#                     # 
#                     # 
# # # # # # # # # # # # 
[ last/next direc: Direc.RIGHT/Direc.DOWN ]

[ Episode 1 / Step 131 ]
# # # # # # # # # # # # 
# B B B B B B B B B B # 
# B         F       H # 
# T                   # 
#                     # 
#                     # 
#                     # 
#                     # 
#                     # 
#                     # 
#                     # 
# # # # # # # # # # # # 
[ last/next direc: Direc.DOWN/Direc.DOWN ]

[ Episode 1 / Step 132 ]
# # # # # # # # # # # # 
# B B B B B B B B B B # 
# T         F       B # 
#                   H # 
#                     # 
#                     # 
#                     # 
#                     # 
#                     # 
#                     # 
#                     # 
# # # # # # # # # # # # 
[ last/next direc: Direc.DOWN/Direc.LEFT ]

[ Episode 1 / Step 133 ]
# # # # # # # # # # # # 
# T B B B B B B B B B # 
#           F       B # 
#                 H B # 
#                     # 
#                     # 
#                     # 
#                     # 
#                     # 
#                     # 
#                     # 
# # # # # # # # # # # # 
[ last/next direc: Direc.LEFT/Direc.UP ]

[ Episode 1 / Step 134 ]
# # # # # # # # # # # # 
#   T B B B B B B B B # 
#           F     H B # 
#                 B B # 
#                     # 
#                     # 
#                     # 
#                     # 
#                     # 
#                     # 
#                     # 
# # # # # # # # # # # # 
[ last/next direc: Direc.UP/Direc.LEFT ]

[ Episode 1 / Step 135 ]
# # # # # # # # # # # # 
#     T B B B B B B B # 
#           F   H B B # 
#                 B B # 
#                     # 
#                     # 
#                     # 
#                     # 
#                     # 
#                     # 
#                     # 
# # # # # # # # # # # # 
[ last/next direc: Direc.LEFT/Direc.LEFT ]

[ Episode 1 / Step 136 ]
# # # # # # # # # # # # 
#       T B B B B B B # 
#           F H B B B # 
#                 B B # 
#                     # 
#                     # 
#                     # 
#                     # 
#                     # 
#                     # 
#                     # 
# # # # # # # # # # # # 
[ last/next direc: Direc.LEFT/Direc.LEFT ]

[ Episode 1 / Step 137 ]
# # # # # # # # # # # # 
#       T B B B B B B # 
#           H B B B B # 
#                 B B # 
#           F         # 
#                     # 
#                     # 
#                     # 
#                     # 
#                     # 
#                     # 
# # # # # # # # # # # # 
[ last/next direc: Direc.LEFT/Direc.LEFT ]

[ Episode 1 / Step 138 ]
# # # # # # # # # # # # 
#         T B B B B B # 
#         H B B B B B # 
#                 B B # 
#           F         # 
#                     # 
#                     # 
#                     # 
#                     # 
#                     # 
#                     # 
# # # # # # # # # # # # 
[ last/next direc: Direc.LEFT/Direc.LEFT ]

[ Episode 1 / Step 139 ]
# # # # # # # # # # # # 
#           T B B B B # 
#       H B B B B B B # 
#                 B B # 
#           F         # 
#                     # 
#                     # 
#                     # 
#                     # 
#                     # 
#                     # 
# # # # # # # # # # # # 
[ last/next direc: Direc.LEFT/Direc.LEFT ]

[ Episode 1 / Step 140 ]
# # # # # # # # # # # # 
#             T B B B # 
#     H B B B B B B B # 
#                 B B # 
#           F         # 
#                     # 
#                     # 
#                     # 
#                     # 
#                     # 
#                     # 
# # # # # # # # # # # # 
[ last/next direc: Direc.LEFT/Direc.LEFT ]

[ Episode 1 / Step 141 ]
# # # # # # # # # # # # 
#               T B B # 
#   H B B B B B B B B # 
#                 B B # 
#           F         # 
#                     # 
#                     # 
#                     # 
#                     # 
#                     # 
#                     # 
# # # # # # # # # # # # 
[ last/next direc: Direc.LEFT/Direc.LEFT ]

[ Episode 1 / Step 142 ]
# # # # # # # # # # # # 
#                 T B # 
# H B B B B B B B B B # 
#                 B B # 
#           F         # 
#                     # 
#                     # 
#                     # 
#                     # 
#                     # 
#                     # 
# # # # # # # # # # # # 
[ last/next direc: Direc.LEFT/Direc.UP ]

[ Episode 1 / Step 143 ]
# # # # # # # # # # # # 
# H                 T # 
# B B B B B B B B B B # 
#                 B B # 
#           F         # 
#                     # 
#                     # 
#                     # 
#                     # 
#                     # 
#                     # 
# # # # # # # # # # # # 
[ last/next direc: Direc.UP/Direc.RIGHT ]

[ Episode 1 / Step 144 ]
# # # # # # # # # # # # 
# B H                 # 
# B B B B B B B B B T # 
#                 B B # 
#           F         # 
#                     # 
#                     # 
#                     # 
#                     # 
#                     # 
#                     # 
# # # # # # # # # # # # 
[ last/next direc: Direc.RIGHT/Direc.RIGHT ]

[ Episode 1 / Step 145 ]
# # # # # # # # # # # # 
# B B H               # 
# B B B B B B B B B   # 
#                 B T # 
#           F         # 
#                     # 
#                     # 
#                     # 
#                     # 
#                     # 
#                     # 
# # # # # # # # # # # # 
[ last/next direc: Direc.RIGHT/Direc.RIGHT ]

[ Episode 1 / Step 146 ]
# # # # # # # # # # # # 
# B B B H             # 
# B B B B B B B B B   # 
#                 T   # 
#           F         # 
#                     # 
#                     # 
#                     # 
#                     # 
#                     # 
#                     # 
# # # # # # # # # # # # 
[ last/next direc: Direc.RIGHT/Direc.RIGHT ]

[ Episode 1 / Step 147 ]
# # # # # # # # # # # # 
# B B B B H           # 
# B B B B B B B B T   # 
#                     # 
#           F         # 
#                     # 
#                     # 
#                     # 
#                     # 
#                     # 
#                     # 
# # # # # # # # # # # # 
[ last/next direc: Direc.RIGHT/Direc.RIGHT ]

[ Episode 1 / Step 148 ]
# # # # # # # # # # # # 
# B B B B B H         # 
# B B B B B B B T     # 
#                     # 
#           F         # 
#                     # 
#                     # 
#                     # 
#                     # 
#                     # 
#                     # 
# # # # # # # # # # # # 
[ last/next direc: Direc.RIGHT/Direc.RIGHT ]

[ Episode 1 / Step 149 ]
# # # # # # # # # # # # 
# B B B B B B H       # 
# B B B B B B T       # 
#                     # 
#           F         # 
#                     # 
#                     # 
#                     # 
#                     # 
#                     # 
#                     # 
# # # # # # # # # # # # 
[ last/next direc: Direc.RIGHT/Direc.RIGHT ]

[ Episode 1 / Step 150 ]
# # # # # # # # # # # # 
# B B B B B B B H     # 
# B B B B B T         # 
#                     # 
#           F         # 
#                     # 
#                     # 
#                     # 
#                     # 
#                     # 
#                     # 
# # # # # # # # # # # # 
[ last/next direc: Direc.RIGHT/Direc.RIGHT ]

[ Episode 1 / Step 151 ]
# # # # # # # # # # # # 
# B B B B B B B B H   # 
# B B B B T           # 
#                     # 
#           F         # 
#                     # 
#                     # 
#                     # 
#                     # 
#                     # 
#                     # 
# # # # # # # # # # # # 
[ last/next direc: Direc.RIGHT/Direc.RIGHT ]

[ Episode 1 / Step 152 ]
# # # # # # # # # # # # 
# B B B B B B B B B H # 
# B B B T             # 
#                     # 
#           F         # 
#                     # 
#                     # 
#                     # 
#                     # 
#                     # 
#                     # 
# # # # # # # # # # # # 
[ last/next direc: Direc.RIGHT/Direc.DOWN ]

[ Episode 1 / Step 153 ]
# # # # # # # # # # # # 
# B B B B B B B B B B # 
# B B T             H # 
#                     # 
#           F         # 
#                     # 
#                     # 
#                     # 
#                     # 
#                     # 
#                     # 
# # # # # # # # # # # # 
[ last/next direc: Direc.DOWN/Direc.DOWN ]

[ Episode 1 / Step 154 ]
# # # # # # # # # # # # 
# B B B B B B B B B B # 
# B T               B # 
#                   H # 
#           F         # 
#                     # 
#                     # 
#                     # 
#                     # 
#                     # 
#                     # 
# # # # # # # # # # # # 
[ last/next direc: Direc.DOWN/Direc.DOWN ]

[ Episode 1 / Step 155 ]
# # # # # # # # # # # # 
# B B B B B B B B B B # 
# T                 B # 
#                   B # 
#           F       H # 
#                     # 
#                     # 
#                     # 
#                     # 
#                     # 
#                     # 
# # # # # # # # # # # # 
[ last/next direc: Direc.DOWN/Direc.DOWN ]

[ Episode 1 / Step 156 ]
# # # # # # # # # # # # 
# T B B B B B B B B B # 
#                   B # 
#                   B # 
#           F       B # 
#                   H # 
#                     # 
#                     # 
#                     # 
#                     # 
#                     # 
# # # # # # # # # # # # 
[ last/next direc: Direc.DOWN/Direc.DOWN ]

[ Episode 1 / Step 157 ]
# # # # # # # # # # # # 
#   T B B B B B B B B # 
#                   B # 
#                   B # 
#           F       B # 
#                   B # 
#                   H # 
#                     # 
#                     # 
#                     # 
#                     # 
# # # # # # # # # # # # 
[ last/next direc: Direc.DOWN/Direc.DOWN ]

[ Episode 1 / Step 158 ]
# # # # # # # # # # # # 
#     T B B B B B B B # 
#                   B # 
#                   B # 
#           F       B # 
#                   B # 
#                   B # 
#                   H # 
#                     # 
#                     # 
#                     # 
# # # # # # # # # # # # 
[ last/next direc: Direc.DOWN/Direc.DOWN ]

[ Episode 1 / Step 159 ]
# # # # # # # # # # # # 
#       T B B B B B B # 
#                   B # 
#                   B # 
#           F       B # 
#                   B # 
#                   B # 
#                   B # 
#                   H # 
#                     # 
#                     # 
# # # # # # # # # # # # 
[ last/next direc: Direc.DOWN/Direc.DOWN ]

[ Episode 1 / Step 160 ]
# # # # # # # # # # # # 
#         T B B B B B # 
#                   B # 
#                   B # 
#           F       B # 
#                   B # 
#                   B # 
#                   B # 
#                   B # 
#                   H # 
#                     # 
# # # # # # # # # # # # 
[ last/next direc: Direc.DOWN/Direc.DOWN ]

[ Episode 1 / Step 161 ]
# # # # # # # # # # # # 
#           T B B B B # 
#                   B # 
#                   B # 
#           F       B # 
#                   B # 
#                   B # 
#                   B # 
#                   B # 
#                   B # 
#                   H # 
# # # # # # # # # # # # 
[ last/next direc: Direc.DOWN/Direc.LEFT ]

[ Episode 1 / Step 162 ]
# # # # # # # # # # # # 
#             T B B B # 
#                   B # 
#                   B # 
#           F       B # 
#                   B # 
#                   B # 
#                   B # 
#                   B # 
#                   B # 
#                 H B # 
# # # # # # # # # # # # 
[ last/next direc: Direc.LEFT/Direc.LEFT ]

[ Episode 1 / Step 163 ]
# # # # # # # # # # # # 
#               T B B # 
#                   B # 
#                   B # 
#           F       B # 
#                   B # 
#                   B # 
#                   B # 
#                   B # 
#                   B # 
#               H B B # 
# # # # # # # # # # # # 
[ last/next direc: Direc.LEFT/Direc.LEFT ]

[ Episode 1 / Step 164 ]
# # # # # # # # # # # # 
#                 T B # 
#                   B # 
#                   B # 
#           F       B # 
#                   B # 
#                   B # 
#                   B # 
#                   B # 
#                   B # 
#             H B B B # 
# # # # # # # # # # # # 
[ last/next direc: Direc.LEFT/Direc.LEFT ]

[ Episode 1 / Step 165 ]
# # # # # # # # # # # # 
#                   T # 
#                   B # 
#                   B # 
#           F       B # 
#                   B # 
#                   B # 
#                   B # 
#                   B # 
#                   B # 
#           H B B B B # 
# # # # # # # # # # # # 
[ last/next direc: Direc.LEFT/Direc.LEFT ]

[ Episode 1 / Step 166 ]
# # # # # # # # # # # # 
#                     # 
#                   T # 
#                   B # 
#           F       B # 
#                   B # 
#                   B # 
#                   B # 
#                   B # 
#                   B # 
#         H B B B B B # 
# # # # # # # # # # # # 
[ last/next direc: Direc.LEFT/Direc.LEFT ]

[ Episode 1 / Step 167 ]
# # # # # # # # # # # # 
#                     # 
#                     # 
#                   T # 
#           F       B # 
#                   B # 
#                   B # 
#                   B # 
#                   B # 
#                   B # 
#       H B B B B B B # 
# # # # # # # # # # # # 
[ last/next direc: Direc.LEFT/Direc.LEFT ]

[ Episode 1 / Step 168 ]
# # # # # # # # # # # # 
#                     # 
#                     # 
#                     # 
#           F       T # 
#                   B # 
#                   B # 
#                   B # 
#                   B # 
#                   B # 
#     H B B B B B B B # 
# # # # # # # # # # # # 
[ last/next direc: Direc.LEFT/Direc.LEFT ]

[ Episode 1 / Step 169 ]
# # # # # # # # # # # # 
#                     # 
#                     # 
#                     # 
#           F         # 
#                   T # 
#                   B # 
#                   B # 
#                   B # 
#                   B # 
#   H B B B B B B B B # 
# # # # # # # # # # # # 
[ last/next direc: Direc.LEFT/Direc.LEFT ]

[ Episode 1 / Step 170 ]
# # # # # # # # # # # # 
#                     # 
#                     # 
#                     # 
#           F         # 
#                     # 
#                   T # 
#                   B # 
#                   B # 
#                   B # 
# H B B B B B B B B B # 
# # # # # # # # # # # # 
[ last/next direc: Direc.LEFT/Direc.UP ]

[ Episode 1 / Step 171 ]
# # # # # # # # # # # # 
#                     # 
#                     # 
#                     # 
#           F         # 
#                     # 
#                     # 
#                   T # 
#                   B # 
# H                 B # 
# B B B B B B B B B B # 
# # # # # # # # # # # # 
[ last/next direc: Direc.UP/Direc.UP ]

[ Episode 1 / Step 172 ]
# # # # # # # # # # # # 
#                     # 
#                     # 
#                     # 
#           F         # 
#                     # 
#                     # 
#                     # 
# H                 T # 
# B                 B # 
# B B B B B B B B B B # 
# # # # # # # # # # # # 
[ last/next direc: Direc.UP/Direc.UP ]

[ Episode 1 / Step 173 ]
# # # # # # # # # # # # 
#                     # 
#                     # 
#                     # 
#           F         # 
#                     # 
#                     # 
# H                   # 
# B                   # 
# B                 T # 
# B B B B B B B B B B # 
# # # # # # # # # # # # 
[ last/next direc: Direc.UP/Direc.UP ]

[ Episode 1 / Step 174 ]
# # # # # # # # # # # # 
#                     # 
#                     # 
#                     # 
#           F         # 
#                     # 
# H                   # 
# B                   # 
# B                   # 
# B                   # 
# B B B B B B B B B T # 
# # # # # # # # # # # # 
[ last/next direc: Direc.UP/Direc.UP ]

[ Episode 1 / Step 175 ]
# # # # # # # # # # # # 
#                     # 
#                     # 
#                     # 
#           F         # 
# H                   # 
# B                   # 
# B                   # 
# B                   # 
# B                   # 
# B B B B B B B B T   # 
# # # # # # # # # # # # 
[ last/next direc: Direc.UP/Direc.UP ]

[ Episode 1 / Step 176 ]
# # # # # # # # # # # # 
#                     # 
#                     # 
#                     # 
# H         F         # 
# B                   # 
# B                   # 
# B                   # 
# B                   # 
# B                   # 
# B B B B B B B T     # 
# # # # # # # # # # # # 
[ last/next direc: Direc.UP/Direc.UP ]

[ Episode 1 / Step 177 ]
# # # # # # # # # # # # 
#                     # 
#                     # 
# H                   # 
# B         F         # 
# B                   # 
# B                   # 
# B                   # 
# B                   # 
# B                   # 
# B B B B B B T       # 
# # # # # # # # # # # # 
[ last/next direc: Direc.UP/Direc.RIGHT ]

[ Episode 1 / Step 178 ]
# # # # # # # # # # # # 
#                     # 
#                     # 
# B H                 # 
# B         F         # 
# B                   # 
# B                   # 
# B                   # 
# B                   # 
# B                   # 
# B B B B B T         # 
# # # # # # # # # # # # 
[ last/next direc: Direc.RIGHT/Direc.RIGHT ]

[ Episode 1 / Step 179 ]
# # # # # # # # # # # # 
#                     # 
#                     # 
# B B H               # 
# B         F         # 
# B                   # 
# B                   # 
# B                   # 
# B                   # 
# B                   # 
# B B B B T           # 
# # # # # # # # # # # # 
[ last/next direc: Direc.RIGHT/Direc.RIGHT ]

[ Episode 1 / Step 180 ]
# # # # # # # # # # # # 
#                     # 
#                     # 
# B B B H             # 
# B         F         # 
# B                   # 
# B                   # 
# B                   # 
# B                   # 
# B                   # 
# B B B T             # 
# # # # # # # # # # # # 
[ last/next direc: Direc.RIGHT/Direc.RIGHT ]

[ Episode 1 / Step 181 ]
# # # # # # # # # # # # 
#                     # 
#                     # 
# B B B B H           # 
# B         F         # 
# B                   # 
# B                   # 
# B                   # 
# B                   # 
# B                   # 
# B B T               # 
# # # # # # # # # # # # 
[ last/next direc: Direc.RIGHT/Direc.RIGHT ]

[ Episode 1 / Step 182 ]
# # # # # # # # # # # # 
#                     # 
#                     # 
# B B B B B H         # 
# B         F         # 
# B                   # 
# B                   # 
# B                   # 
# B                   # 
# B                   # 
# B T                 # 
# # # # # # # # # # # # 
[ last/next direc: Direc.RIGHT/Direc.DOWN ]

[ Episode 1 / Step 183 ]
# # # # # # # # # # # # 
#                     # 
#                     # 
# B B B B B B         # 
# B         H F       # 
# B                   # 
# B                   # 
# B                   # 
# B                   # 
# B                   # 
# B T                 # 
# # # # # # # # # # # # 
[ last/next direc: Direc.DOWN/Direc.LEFT ]

[ Episode 1 / Step 184 ]
# # # # # # # # # # # # 
#                     # 
#                     # 
# B B B B B B         # 
# B       H B F       # 
# B                   # 
# B                   # 
# B                   # 
# B                   # 
# B                   # 
# T                   # 
# # # # # # # # # # # # 
[ last/next direc: Direc.LEFT/Direc.LEFT ]

[ Episode 1 / Step 185 ]
# # # # # # # # # # # # 
#                     # 
#                     # 
# B B B B B B         # 
# B     H B B F       # 
# B                   # 
# B                   # 
# B                   # 
# B                   # 
# T                   # 
#                     # 
# # # # # # # # # # # # 
[ last/next direc: Direc.LEFT/Direc.LEFT ]

[ Episode 1 / Step 186 ]
# # # # # # # # # # # # 
#                     # 
#                     # 
# B B B B B B         # 
# B   H B B B F       # 
# B                   # 
# B                   # 
# B                   # 
# T                   # 
#                     # 
#                     # 
# # # # # # # # # # # # 
[ last/next direc: Direc.LEFT/Direc.LEFT ]

[ Episode 1 / Step 187 ]
# # # # # # # # # # # # 
#                     # 
#                     # 
# B B B B B B         # 
# B H B B B B F       # 
# B                   # 
# B                   # 
# T                   # 
#                     # 
#                     # 
#                     # 
# # # # # # # # # # # # 
[ last/next direc: Direc.LEFT/Direc.DOWN ]

[ Episode 1 / Step 188 ]
# # # # # # # # # # # # 
#                     # 
#                     # 
# B B B B B B         # 
# B B B B B B F       # 
# B H                 # 
# T                   # 
#                     # 
#                     # 
#                     # 
#                     # 
# # # # # # # # # # # # 
[ last/next direc: Direc.DOWN/Direc.DOWN ]

[ Episode 1 / Step 189 ]
# # # # # # # # # # # # 
#                     # 
#                     # 
# B B B B B B         # 
# B B B B B B F       # 
# T B                 # 
#   H                 # 
#                     # 
#                     # 
#                     # 
#                     # 
# # # # # # # # # # # # 
[ last/next direc: Direc.DOWN/Direc.DOWN ]

[ Episode 1 / Step 190 ]
# # # # # # # # # # # # 
#                     # 
#                     # 
# B B B B B B         # 
# T B B B B B F       # 
#   B                 # 
#   B                 # 
#   H                 # 
#                     # 
#                     # 
#                     # 
# # # # # # # # # # # # 
[ last/next direc: Direc.DOWN/Direc.DOWN ]

[ Episode 1 / Step 191 ]
# # # # # # # # # # # # 
#                     # 
#                     # 
# T B B B B B         # 
#   B B B B B F       # 
#   B                 # 
#   B                 # 
#   B                 # 
#   H                 # 
#                     # 
#                     # 
# # # # # # # # # # # # 
[ last/next direc: Direc.DOWN/Direc.DOWN ]

[ Episode 1 / Step 192 ]
# # # # # # # # # # # # 
#                     # 
#                     # 
#   T B B B B         # 
#   B B B B B F       # 
#   B                 # 
#   B                 # 
#   B                 # 
#   B                 # 
#   H                 # 
#                     # 
# # # # # # # # # # # # 
[ last/next direc: Direc.DOWN/Direc.RIGHT ]

[ Episode 1 / Step 193 ]
# # # # # # # # # # # # 
#                     # 
#                     # 
#     T B B B         # 
#   B B B B B F       # 
#   B                 # 
#   B                 # 
#   B                 # 
#   B                 # 
#   B H               # 
#                     # 
# # # # # # # # # # # # 
[ last/next direc: Direc.RIGHT/Direc.RIGHT ]

[ Episode 1 / Step 194 ]
# # # # # # # # # # # # 
#                     # 
#                     # 
#       T B B         # 
#   B B B B B F       # 
#   B                 # 
#   B                 # 
#   B                 # 
#   B                 # 
#   B B H             # 
#                     # 
# # # # # # # # # # # # 
[ last/next direc: Direc.RIGHT/Direc.RIGHT ]

[ Episode 1 / Step 195 ]
# # # # # # # # # # # # 
#                     # 
#                     # 
#         T B         # 
#   B B B B B F       # 
#   B                 # 
#   B                 # 
#   B                 # 
#   B                 # 
#   B B B H           # 
#                     # 
# # # # # # # # # # # # 
[ last/next direc: Direc.RIGHT/Direc.RIGHT ]

[ Episode 1 / Step 196 ]
# # # # # # # # # # # # 
#                     # 
#                     # 
#           T         # 
#   B B B B B F       # 
#   B                 # 
#   B                 # 
#   B                 # 
#   B                 # 
#   B B B B H         # 
#                     # 
# # # # # # # # # # # # 
[ last/next direc: Direc.RIGHT/Direc.RIGHT ]

[ Episode 1 / Step 197 ]
# # # # # # # # # # # # 
#                     # 
#                     # 
#                     # 
#   B B B B T F       # 
#   B                 # 
#   B                 # 
#   B                 # 
#   B                 # 
#   B B B B B H       # 
#                     # 
# # # # # # # # # # # # 
[ last/next direc: Direc.RIGHT/Direc.UP ]

[ Episode 1 / Step 198 ]
# # # # # # # # # # # # 
#                     # 
#                     # 
#                     # 
#   B B B T   F       # 
#   B                 # 
#   B                 # 
#   B                 # 
#   B         H       # 
#   B B B B B B       # 
#                     # 
# # # # # # # # # # # # 
[ last/next direc: Direc.UP/Direc.UP ]

[ Episode 1 / Step 199 ]
# # # # # # # # # # # # 
#                     # 
#                     # 
#                     # 
#   B B T     F       # 
#   B                 # 
#   B                 # 
#   B         H       # 
#   B         B       # 
#   B B B B B B       # 
#                     # 
# # # # # # # # # # # # 
[ last/next direc: Direc.UP/Direc.UP ]

[ Episode 1 / Step 200 ]
# # # # # # # # # # # # 
#                     # 
#                     # 
#                     # 
#   B T       F       # 
#   B                 # 
#   B         H       # 
#   B         B       # 
#   B         B       # 
#   B B B B B B       # 
#                     # 
# # # # # # # # # # # # 
[ last/next direc: Direc.UP/Direc.UP ]

